<?xml version="1.0" encoding="UTF-8"?>
<!-- Generated by org.testng.reporters.JUnitReportReporter -->
<testsuite hostname="UDI-J6JVYL3" failures="0" tests="1" name="decima.questao.testing.CarreiraPageTest" time="39.427" errors="0" timestamp="2023-05-19T14:41:34 BRT" skipped="0">
  <testcase classname="decima.questao.testing.CarreiraPageTest" name="validateCarreiraPageTest" time="39.427"/>
  <system-out/>
</testsuite> <!-- decima.questao.testing.CarreiraPageTest -->
