<?xml version="1.0" encoding="UTF-8"?>
<!-- Generated by org.testng.reporters.JUnitReportReporter -->
<testsuite hostname="UDI-J6JVYL3" failures="0" tests="2" name="decima.questao.testing.GooglePageTest" time="63.477" errors="0" timestamp="2023-05-19T14:41:34 BRT" skipped="0">
  <testcase classname="decima.questao.testing.GooglePageTest" name="validateFirstLinkTest" time="36.465"/>
  <system-out/>
  <testcase classname="decima.questao.testing.GooglePageTest" name="googleTitleTest" time="27.012"/>
  <system-out/>
</testsuite> <!-- decima.questao.testing.GooglePageTest -->
